<?xml version="1.0" encoding="UTF-8"?>
<!-- Generated by org.testng.reporters.JUnitReportReporter -->
<testsuite hostname="DESKTOP-17IPFF2" failures="0" tests="5" name="twistBioScience.driverClass" time="80.774" errors="0" timestamp="27 Jul 2020 17:51:57 GMT" skipped="0">
  <testcase classname="twistBioScience.driverClass" name="loadCodesIntoHashMap" time="0.011"/>
  <testcase classname="twistBioScience.driverClass" name="convertDNAToAA" time="0.046"/>
  <testcase classname="twistBioScience.driverClass" name="returnUniqueDNASequence" time="0.004"/>
  <testcase classname="twistBioScience.driverClass" name="getUniqueSeq" time="6.181"/>
  <testcase classname="twistBioScience.driverClass" name="writeToExcelTwistDNAResult" time="74.532"/>
</testsuite> <!-- twistBioScience.driverClass -->
