<?xml version="1.0" encoding="UTF-8"?>
<!-- Generated by org.testng.reporters.JUnitReportReporter -->
<testsuite hostname="DESKTOP-17IPFF2" failures="0" tests="5" name="twistBioScience.driverClass" time="44.392" errors="0" timestamp="27 Jul 2020 15:46:38 GMT" skipped="0">
  <testcase classname="twistBioScience.driverClass" name="loadCodesIntoHashMap" time="0.017"/>
  <testcase classname="twistBioScience.driverClass" name="convertDNAToAA" time="0.041"/>
  <testcase classname="twistBioScience.driverClass" name="returnUniqueDNASequence" time="0.004"/>
  <testcase classname="twistBioScience.driverClass" name="getUniqueSeq" time="5.610"/>
  <testcase classname="twistBioScience.driverClass" name="writeToExcelTwistDNAResult" time="38.720"/>
</testsuite> <!-- twistBioScience.driverClass -->
