<?xml version="1.0" encoding="UTF-8"?>
<!-- Generated by org.testng.reporters.JUnitReportReporter -->
<testsuite hostname="DESKTOP-17IPFF2" failures="0" tests="5" name="twistBioScience.driverClass" time="1.882" errors="0" timestamp="21 Jul 2020 17:15:14 GMT" skipped="0">
  <testcase classname="twistBioScience.driverClass" name="loadCodesIntoHashMap" time="0.025"/>
  <testcase classname="twistBioScience.driverClass" name="convertDNAToAA" time="0.079"/>
  <testcase classname="twistBioScience.driverClass" name="returnUniqueDNASequence" time="0.009"/>
  <testcase classname="twistBioScience.driverClass" name="getUniqueSeq" time="0.018"/>
  <testcase classname="twistBioScience.driverClass" name="writeToExcelRate" time="1.751"/>
</testsuite> <!-- twistBioScience.driverClass -->
