<?xml version="1.0" encoding="UTF-8"?>
<!-- Generated by org.testng.reporters.JUnitReportReporter -->
<testsuite hostname="DESKTOP-17IPFF2" failures="0" tests="5" name="twistBioScience.driverClass" time="1869.945" errors="0" timestamp="23 Jul 2020 22:38:32 GMT" skipped="0">
  <testcase classname="twistBioScience.driverClass" name="loadCodesIntoHashMap" time="0.013"/>
  <testcase classname="twistBioScience.driverClass" name="convertDNAToAA" time="0.080"/>
  <testcase classname="twistBioScience.driverClass" name="returnUniqueDNASequence" time="0.005"/>
  <testcase classname="twistBioScience.driverClass" name="getUniqueSeq" time="1.133"/>
  <testcase classname="twistBioScience.driverClass" name="writeToExcelRate" time="1868.714"/>
</testsuite> <!-- twistBioScience.driverClass -->
