<?xml version="1.0" encoding="UTF-8"?>
<!-- Generated by org.testng.reporters.JUnitReportReporter -->
<testsuite hostname="DESKTOP-17IPFF2" failures="0" tests="5" name="twistBioScience.driverClass" time="1482.541" errors="0" timestamp="23 Jul 2020 18:32:09 GMT" skipped="0">
  <testcase classname="twistBioScience.driverClass" name="loadCodesIntoHashMap" time="0.014"/>
  <testcase classname="twistBioScience.driverClass" name="convertDNAToAA" time="0.054"/>
  <testcase classname="twistBioScience.driverClass" name="returnUniqueDNASequence" time="0.002"/>
  <testcase classname="twistBioScience.driverClass" name="getUniqueSeq" time="0.140"/>
  <testcase classname="twistBioScience.driverClass" name="writeToExcelRate" time="1482.331"/>
</testsuite> <!-- twistBioScience.driverClass -->
